TimeQuest Timing Analyzer report for UARTBaseStation
Wed Aug 30 12:44:48 2017
Quartus II 64-Bit Version 13.0.0 Build 156 04/24/2013 SJ Full Version


---------------------
; Table of Contents ;
---------------------
  1. Legal Notice
  2. TimeQuest Timing Analyzer Summary
  3. Parallel Compilation
  4. SDC File List
  5. Clocks
  6. Fmax Summary
  7. Setup Summary
  8. Hold Summary
  9. Recovery Summary
 10. Removal Summary
 11. Minimum Pulse Width Summary
 12. Setup: 'clk'
 13. Hold: 'clk'
 14. Minimum Pulse Width: 'clk'
 15. Setup Times
 16. Hold Times
 17. Clock to Output Times
 18. Minimum Clock to Output Times
 19. Setup Transfers
 20. Hold Transfers
 21. Report TCCS
 22. Report RSKM
 23. Unconstrained Paths
 24. TimeQuest Timing Analyzer Messages



----------------
; Legal Notice ;
----------------
Copyright (C) 1991-2013 Altera Corporation
Your use of Altera Corporation's design tools, logic functions 
and other software and tools, and its AMPP partner logic 
functions, and any output files from any of the foregoing 
(including device programming or simulation files), and any 
associated documentation or information are expressly subject 
to the terms and conditions of the Altera Program License 
Subscription Agreement, Altera MegaCore Function License 
Agreement, or other applicable license agreement, including, 
without limitation, that your use is for the sole purpose of 
programming logic devices manufactured by Altera and sold by 
Altera or its authorized distributors.  Please refer to the 
applicable agreement for further details.



+--------------------------------------------------------------------------+
; TimeQuest Timing Analyzer Summary                                        ;
+--------------------+-----------------------------------------------------+
; Quartus II Version ; Version 13.0.0 Build 156 04/24/2013 SJ Full Version ;
; Revision Name      ; UARTBaseStation                                     ;
; Device Family      ; MAX V                                               ;
; Device Name        ; 5M570ZT100C5                                        ;
; Timing Models      ; Final                                               ;
; Delay Model        ; Slow Model                                          ;
; Rise/Fall Delays   ; Unavailable                                         ;
+--------------------+-----------------------------------------------------+


+------------------------------------------+
; Parallel Compilation                     ;
+----------------------------+-------------+
; Processors                 ; Number      ;
+----------------------------+-------------+
; Number detected on machine ; 4           ;
; Maximum allowed            ; 4           ;
;                            ;             ;
; Average used               ; 1.00        ;
; Maximum used               ; 1           ;
;                            ;             ;
; Usage by Processor         ; % Time Used ;
;     Processor 1            ; 100.0%      ;
;     Processors 2-4         ;   0.0%      ;
+----------------------------+-------------+


+---------------------------------------------------------+
; SDC File List                                           ;
+---------------------+--------+--------------------------+
; SDC File Path       ; Status ; Read at                  ;
+---------------------+--------+--------------------------+
; UARTBaseStation.sdc ; OK     ; Wed Aug 30 12:44:48 2017 ;
+---------------------+--------+--------------------------+


+--------------------------------------------------------------------------------------------------------------------------------------------------------------------------------+
; Clocks                                                                                                                                                                         ;
+------------+------+--------+-----------+-------+-------+------------+-----------+-------------+-------+--------+-----------+------------+----------+--------+--------+---------+
; Clock Name ; Type ; Period ; Frequency ; Rise  ; Fall  ; Duty Cycle ; Divide by ; Multiply by ; Phase ; Offset ; Edge List ; Edge Shift ; Inverted ; Master ; Source ; Targets ;
+------------+------+--------+-----------+-------+-------+------------+-----------+-------------+-------+--------+-----------+------------+----------+--------+--------+---------+
; clk        ; Base ; 5.000  ; 200.0 MHz ; 0.000 ; 2.500 ;            ;           ;             ;       ;        ;           ;            ;          ;        ;        ; { clk } ;
+------------+------+--------+-----------+-------+-------+------------+-----------+-------------+-------+--------+-----------+------------+----------+--------+--------+---------+


+------------------------------------------------+
; Fmax Summary                                   ;
+----------+-----------------+------------+------+
; Fmax     ; Restricted Fmax ; Clock Name ; Note ;
+----------+-----------------+------------+------+
; 43.2 MHz ; 43.2 MHz        ; clk        ;      ;
+----------+-----------------+------------+------+
This panel reports FMAX for every clock in the design, regardless of the user-specified clock periods.  FMAX is only computed for paths where the source and destination registers or ports are driven by the same clock.  Paths of different clocks, including generated clocks, are ignored.  For paths between a clock and its inversion, FMAX is computed as if the rising and falling edges are scaled along with FMAX, such that the duty cycle (in terms of a percentage) is maintained. Altera recommends that you always use clock constraints and other slack reports for sign-off analysis.


+---------------------------------+
; Setup Summary                   ;
+-------+---------+---------------+
; Clock ; Slack   ; End Point TNS ;
+-------+---------+---------------+
; clk   ; -18.149 ; -2783.292     ;
+-------+---------+---------------+


+-------------------------------+
; Hold Summary                  ;
+-------+-------+---------------+
; Clock ; Slack ; End Point TNS ;
+-------+-------+---------------+
; clk   ; 2.440 ; 0.000         ;
+-------+-------+---------------+


--------------------
; Recovery Summary ;
--------------------
No paths to report.


-------------------
; Removal Summary ;
-------------------
No paths to report.


+-------------------------------+
; Minimum Pulse Width Summary   ;
+-------+-------+---------------+
; Clock ; Slack ; End Point TNS ;
+-------+-------+---------------+
; clk   ; 1.711 ; 0.000         ;
+-------+-------+---------------+


+-----------------------------------------------------------------------------------------------------------------------------------------------------------+
; Setup: 'clk'                                                                                                                                              ;
+---------+-------------------------------------+-------------------------------------+--------------+-------------+--------------+------------+------------+
; Slack   ; From Node                           ; To Node                             ; Launch Clock ; Latch Clock ; Relationship ; Clock Skew ; Data Delay ;
+---------+-------------------------------------+-------------------------------------+--------------+-------------+--------------+------------+------------+
; -18.149 ; OutputMux:inst8|polling_counter[10] ; OutputMux:inst8|polling_counter[26] ; clk          ; clk         ; 5.000        ; 0.000      ; 22.828     ;
; -18.149 ; OutputMux:inst8|polling_counter[10] ; OutputMux:inst8|polling_counter[27] ; clk          ; clk         ; 5.000        ; 0.000      ; 22.828     ;
; -18.149 ; OutputMux:inst8|polling_counter[10] ; OutputMux:inst8|polling_counter[28] ; clk          ; clk         ; 5.000        ; 0.000      ; 22.828     ;
; -18.149 ; OutputMux:inst8|polling_counter[10] ; OutputMux:inst8|polling_counter[29] ; clk          ; clk         ; 5.000        ; 0.000      ; 22.828     ;
; -18.149 ; OutputMux:inst8|polling_counter[10] ; OutputMux:inst8|polling_counter[30] ; clk          ; clk         ; 5.000        ; 0.000      ; 22.828     ;
; -18.149 ; OutputMux:inst8|polling_counter[10] ; OutputMux:inst8|polling_counter[31] ; clk          ; clk         ; 5.000        ; 0.000      ; 22.828     ;
; -18.142 ; OutputMux:inst8|polling_counter[10] ; OutputMux:inst8|polling_counter[16] ; clk          ; clk         ; 5.000        ; 0.000      ; 22.821     ;
; -18.142 ; OutputMux:inst8|polling_counter[10] ; OutputMux:inst8|polling_counter[17] ; clk          ; clk         ; 5.000        ; 0.000      ; 22.821     ;
; -18.142 ; OutputMux:inst8|polling_counter[10] ; OutputMux:inst8|polling_counter[20] ; clk          ; clk         ; 5.000        ; 0.000      ; 22.821     ;
; -18.142 ; OutputMux:inst8|polling_counter[10] ; OutputMux:inst8|polling_counter[21] ; clk          ; clk         ; 5.000        ; 0.000      ; 22.821     ;
; -18.142 ; OutputMux:inst8|polling_counter[10] ; OutputMux:inst8|polling_counter[22] ; clk          ; clk         ; 5.000        ; 0.000      ; 22.821     ;
; -18.142 ; OutputMux:inst8|polling_counter[10] ; OutputMux:inst8|polling_counter[23] ; clk          ; clk         ; 5.000        ; 0.000      ; 22.821     ;
; -18.142 ; OutputMux:inst8|polling_counter[10] ; OutputMux:inst8|polling_counter[18] ; clk          ; clk         ; 5.000        ; 0.000      ; 22.821     ;
; -18.142 ; OutputMux:inst8|polling_counter[10] ; OutputMux:inst8|polling_counter[19] ; clk          ; clk         ; 5.000        ; 0.000      ; 22.821     ;
; -18.142 ; OutputMux:inst8|polling_counter[10] ; OutputMux:inst8|polling_counter[24] ; clk          ; clk         ; 5.000        ; 0.000      ; 22.821     ;
; -18.142 ; OutputMux:inst8|polling_counter[10] ; OutputMux:inst8|polling_counter[25] ; clk          ; clk         ; 5.000        ; 0.000      ; 22.821     ;
; -18.131 ; OutputMux:inst8|polling_counter[15] ; OutputMux:inst8|polling_counter[26] ; clk          ; clk         ; 5.000        ; 0.000      ; 22.810     ;
; -18.131 ; OutputMux:inst8|polling_counter[15] ; OutputMux:inst8|polling_counter[27] ; clk          ; clk         ; 5.000        ; 0.000      ; 22.810     ;
; -18.131 ; OutputMux:inst8|polling_counter[15] ; OutputMux:inst8|polling_counter[28] ; clk          ; clk         ; 5.000        ; 0.000      ; 22.810     ;
; -18.131 ; OutputMux:inst8|polling_counter[15] ; OutputMux:inst8|polling_counter[29] ; clk          ; clk         ; 5.000        ; 0.000      ; 22.810     ;
; -18.131 ; OutputMux:inst8|polling_counter[15] ; OutputMux:inst8|polling_counter[30] ; clk          ; clk         ; 5.000        ; 0.000      ; 22.810     ;
; -18.131 ; OutputMux:inst8|polling_counter[15] ; OutputMux:inst8|polling_counter[31] ; clk          ; clk         ; 5.000        ; 0.000      ; 22.810     ;
; -18.125 ; OutputMux:inst8|polling_counter[10] ; OutputMux:inst8|polling_counter[7]  ; clk          ; clk         ; 5.000        ; 0.000      ; 22.804     ;
; -18.125 ; OutputMux:inst8|polling_counter[10] ; OutputMux:inst8|polling_counter[6]  ; clk          ; clk         ; 5.000        ; 0.000      ; 22.804     ;
; -18.125 ; OutputMux:inst8|polling_counter[10] ; OutputMux:inst8|polling_counter[9]  ; clk          ; clk         ; 5.000        ; 0.000      ; 22.804     ;
; -18.125 ; OutputMux:inst8|polling_counter[10] ; OutputMux:inst8|polling_counter[10] ; clk          ; clk         ; 5.000        ; 0.000      ; 22.804     ;
; -18.125 ; OutputMux:inst8|polling_counter[10] ; OutputMux:inst8|polling_counter[8]  ; clk          ; clk         ; 5.000        ; 0.000      ; 22.804     ;
; -18.125 ; OutputMux:inst8|polling_counter[10] ; OutputMux:inst8|polling_counter[11] ; clk          ; clk         ; 5.000        ; 0.000      ; 22.804     ;
; -18.125 ; OutputMux:inst8|polling_counter[10] ; OutputMux:inst8|polling_counter[15] ; clk          ; clk         ; 5.000        ; 0.000      ; 22.804     ;
; -18.125 ; OutputMux:inst8|polling_counter[10] ; OutputMux:inst8|polling_counter[12] ; clk          ; clk         ; 5.000        ; 0.000      ; 22.804     ;
; -18.125 ; OutputMux:inst8|polling_counter[10] ; OutputMux:inst8|polling_counter[13] ; clk          ; clk         ; 5.000        ; 0.000      ; 22.804     ;
; -18.125 ; OutputMux:inst8|polling_counter[10] ; OutputMux:inst8|polling_counter[14] ; clk          ; clk         ; 5.000        ; 0.000      ; 22.804     ;
; -18.124 ; OutputMux:inst8|polling_counter[15] ; OutputMux:inst8|polling_counter[16] ; clk          ; clk         ; 5.000        ; 0.000      ; 22.803     ;
; -18.124 ; OutputMux:inst8|polling_counter[15] ; OutputMux:inst8|polling_counter[17] ; clk          ; clk         ; 5.000        ; 0.000      ; 22.803     ;
; -18.124 ; OutputMux:inst8|polling_counter[15] ; OutputMux:inst8|polling_counter[20] ; clk          ; clk         ; 5.000        ; 0.000      ; 22.803     ;
; -18.124 ; OutputMux:inst8|polling_counter[15] ; OutputMux:inst8|polling_counter[21] ; clk          ; clk         ; 5.000        ; 0.000      ; 22.803     ;
; -18.124 ; OutputMux:inst8|polling_counter[15] ; OutputMux:inst8|polling_counter[22] ; clk          ; clk         ; 5.000        ; 0.000      ; 22.803     ;
; -18.124 ; OutputMux:inst8|polling_counter[15] ; OutputMux:inst8|polling_counter[23] ; clk          ; clk         ; 5.000        ; 0.000      ; 22.803     ;
; -18.124 ; OutputMux:inst8|polling_counter[15] ; OutputMux:inst8|polling_counter[18] ; clk          ; clk         ; 5.000        ; 0.000      ; 22.803     ;
; -18.124 ; OutputMux:inst8|polling_counter[15] ; OutputMux:inst8|polling_counter[19] ; clk          ; clk         ; 5.000        ; 0.000      ; 22.803     ;
; -18.124 ; OutputMux:inst8|polling_counter[15] ; OutputMux:inst8|polling_counter[24] ; clk          ; clk         ; 5.000        ; 0.000      ; 22.803     ;
; -18.124 ; OutputMux:inst8|polling_counter[15] ; OutputMux:inst8|polling_counter[25] ; clk          ; clk         ; 5.000        ; 0.000      ; 22.803     ;
; -18.107 ; OutputMux:inst8|polling_counter[15] ; OutputMux:inst8|polling_counter[7]  ; clk          ; clk         ; 5.000        ; 0.000      ; 22.786     ;
; -18.107 ; OutputMux:inst8|polling_counter[15] ; OutputMux:inst8|polling_counter[6]  ; clk          ; clk         ; 5.000        ; 0.000      ; 22.786     ;
; -18.107 ; OutputMux:inst8|polling_counter[15] ; OutputMux:inst8|polling_counter[9]  ; clk          ; clk         ; 5.000        ; 0.000      ; 22.786     ;
; -18.107 ; OutputMux:inst8|polling_counter[15] ; OutputMux:inst8|polling_counter[10] ; clk          ; clk         ; 5.000        ; 0.000      ; 22.786     ;
; -18.107 ; OutputMux:inst8|polling_counter[15] ; OutputMux:inst8|polling_counter[8]  ; clk          ; clk         ; 5.000        ; 0.000      ; 22.786     ;
; -18.107 ; OutputMux:inst8|polling_counter[15] ; OutputMux:inst8|polling_counter[11] ; clk          ; clk         ; 5.000        ; 0.000      ; 22.786     ;
; -18.107 ; OutputMux:inst8|polling_counter[15] ; OutputMux:inst8|polling_counter[15] ; clk          ; clk         ; 5.000        ; 0.000      ; 22.786     ;
; -18.107 ; OutputMux:inst8|polling_counter[15] ; OutputMux:inst8|polling_counter[12] ; clk          ; clk         ; 5.000        ; 0.000      ; 22.786     ;
; -18.107 ; OutputMux:inst8|polling_counter[15] ; OutputMux:inst8|polling_counter[13] ; clk          ; clk         ; 5.000        ; 0.000      ; 22.786     ;
; -18.107 ; OutputMux:inst8|polling_counter[15] ; OutputMux:inst8|polling_counter[14] ; clk          ; clk         ; 5.000        ; 0.000      ; 22.786     ;
; -17.560 ; OutputMux:inst8|style_counter[21]   ; OutputMux:inst8|style_counter[16]   ; clk          ; clk         ; 5.000        ; 0.000      ; 22.239     ;
; -17.560 ; OutputMux:inst8|style_counter[21]   ; OutputMux:inst8|style_counter[17]   ; clk          ; clk         ; 5.000        ; 0.000      ; 22.239     ;
; -17.560 ; OutputMux:inst8|style_counter[21]   ; OutputMux:inst8|style_counter[20]   ; clk          ; clk         ; 5.000        ; 0.000      ; 22.239     ;
; -17.560 ; OutputMux:inst8|style_counter[21]   ; OutputMux:inst8|style_counter[21]   ; clk          ; clk         ; 5.000        ; 0.000      ; 22.239     ;
; -17.560 ; OutputMux:inst8|style_counter[21]   ; OutputMux:inst8|style_counter[22]   ; clk          ; clk         ; 5.000        ; 0.000      ; 22.239     ;
; -17.560 ; OutputMux:inst8|style_counter[21]   ; OutputMux:inst8|style_counter[23]   ; clk          ; clk         ; 5.000        ; 0.000      ; 22.239     ;
; -17.560 ; OutputMux:inst8|style_counter[21]   ; OutputMux:inst8|style_counter[18]   ; clk          ; clk         ; 5.000        ; 0.000      ; 22.239     ;
; -17.560 ; OutputMux:inst8|style_counter[21]   ; OutputMux:inst8|style_counter[19]   ; clk          ; clk         ; 5.000        ; 0.000      ; 22.239     ;
; -17.560 ; OutputMux:inst8|style_counter[21]   ; OutputMux:inst8|style_counter[24]   ; clk          ; clk         ; 5.000        ; 0.000      ; 22.239     ;
; -17.560 ; OutputMux:inst8|style_counter[21]   ; OutputMux:inst8|style_counter[25]   ; clk          ; clk         ; 5.000        ; 0.000      ; 22.239     ;
; -17.555 ; OutputMux:inst8|Output_select[2]    ; OutputMux:inst8|DataOut[7]          ; clk          ; clk         ; 5.000        ; 0.000      ; 22.234     ;
; -17.535 ; OutputMux:inst8|style_counter[21]   ; OutputMux:inst8|style_counter[26]   ; clk          ; clk         ; 5.000        ; 0.000      ; 22.214     ;
; -17.535 ; OutputMux:inst8|style_counter[21]   ; OutputMux:inst8|style_counter[27]   ; clk          ; clk         ; 5.000        ; 0.000      ; 22.214     ;
; -17.535 ; OutputMux:inst8|style_counter[21]   ; OutputMux:inst8|style_counter[28]   ; clk          ; clk         ; 5.000        ; 0.000      ; 22.214     ;
; -17.535 ; OutputMux:inst8|style_counter[21]   ; OutputMux:inst8|style_counter[29]   ; clk          ; clk         ; 5.000        ; 0.000      ; 22.214     ;
; -17.535 ; OutputMux:inst8|style_counter[21]   ; OutputMux:inst8|style_counter[30]   ; clk          ; clk         ; 5.000        ; 0.000      ; 22.214     ;
; -17.535 ; OutputMux:inst8|style_counter[21]   ; OutputMux:inst8|style_counter[31]   ; clk          ; clk         ; 5.000        ; 0.000      ; 22.214     ;
; -17.489 ; OutputMux:inst8|style_counter[21]   ; OutputMux:inst8|style_counter[7]    ; clk          ; clk         ; 5.000        ; 0.000      ; 22.168     ;
; -17.489 ; OutputMux:inst8|style_counter[21]   ; OutputMux:inst8|style_counter[6]    ; clk          ; clk         ; 5.000        ; 0.000      ; 22.168     ;
; -17.489 ; OutputMux:inst8|style_counter[21]   ; OutputMux:inst8|style_counter[9]    ; clk          ; clk         ; 5.000        ; 0.000      ; 22.168     ;
; -17.489 ; OutputMux:inst8|style_counter[21]   ; OutputMux:inst8|style_counter[10]   ; clk          ; clk         ; 5.000        ; 0.000      ; 22.168     ;
; -17.489 ; OutputMux:inst8|style_counter[21]   ; OutputMux:inst8|style_counter[8]    ; clk          ; clk         ; 5.000        ; 0.000      ; 22.168     ;
; -17.489 ; OutputMux:inst8|style_counter[21]   ; OutputMux:inst8|style_counter[11]   ; clk          ; clk         ; 5.000        ; 0.000      ; 22.168     ;
; -17.489 ; OutputMux:inst8|style_counter[21]   ; OutputMux:inst8|style_counter[15]   ; clk          ; clk         ; 5.000        ; 0.000      ; 22.168     ;
; -17.489 ; OutputMux:inst8|style_counter[21]   ; OutputMux:inst8|style_counter[12]   ; clk          ; clk         ; 5.000        ; 0.000      ; 22.168     ;
; -17.489 ; OutputMux:inst8|style_counter[21]   ; OutputMux:inst8|style_counter[13]   ; clk          ; clk         ; 5.000        ; 0.000      ; 22.168     ;
; -17.489 ; OutputMux:inst8|style_counter[21]   ; OutputMux:inst8|style_counter[14]   ; clk          ; clk         ; 5.000        ; 0.000      ; 22.168     ;
; -17.349 ; OutputMux:inst8|polling_counter[9]  ; OutputMux:inst8|polling_counter[26] ; clk          ; clk         ; 5.000        ; 0.000      ; 22.028     ;
; -17.349 ; OutputMux:inst8|polling_counter[9]  ; OutputMux:inst8|polling_counter[27] ; clk          ; clk         ; 5.000        ; 0.000      ; 22.028     ;
; -17.349 ; OutputMux:inst8|polling_counter[9]  ; OutputMux:inst8|polling_counter[28] ; clk          ; clk         ; 5.000        ; 0.000      ; 22.028     ;
; -17.349 ; OutputMux:inst8|polling_counter[9]  ; OutputMux:inst8|polling_counter[29] ; clk          ; clk         ; 5.000        ; 0.000      ; 22.028     ;
; -17.349 ; OutputMux:inst8|polling_counter[9]  ; OutputMux:inst8|polling_counter[30] ; clk          ; clk         ; 5.000        ; 0.000      ; 22.028     ;
; -17.349 ; OutputMux:inst8|polling_counter[9]  ; OutputMux:inst8|polling_counter[31] ; clk          ; clk         ; 5.000        ; 0.000      ; 22.028     ;
; -17.342 ; OutputMux:inst8|polling_counter[9]  ; OutputMux:inst8|polling_counter[16] ; clk          ; clk         ; 5.000        ; 0.000      ; 22.021     ;
; -17.342 ; OutputMux:inst8|polling_counter[9]  ; OutputMux:inst8|polling_counter[17] ; clk          ; clk         ; 5.000        ; 0.000      ; 22.021     ;
; -17.342 ; OutputMux:inst8|polling_counter[9]  ; OutputMux:inst8|polling_counter[20] ; clk          ; clk         ; 5.000        ; 0.000      ; 22.021     ;
; -17.342 ; OutputMux:inst8|polling_counter[9]  ; OutputMux:inst8|polling_counter[21] ; clk          ; clk         ; 5.000        ; 0.000      ; 22.021     ;
; -17.342 ; OutputMux:inst8|polling_counter[9]  ; OutputMux:inst8|polling_counter[22] ; clk          ; clk         ; 5.000        ; 0.000      ; 22.021     ;
; -17.342 ; OutputMux:inst8|polling_counter[9]  ; OutputMux:inst8|polling_counter[23] ; clk          ; clk         ; 5.000        ; 0.000      ; 22.021     ;
; -17.342 ; OutputMux:inst8|polling_counter[9]  ; OutputMux:inst8|polling_counter[18] ; clk          ; clk         ; 5.000        ; 0.000      ; 22.021     ;
; -17.342 ; OutputMux:inst8|polling_counter[9]  ; OutputMux:inst8|polling_counter[19] ; clk          ; clk         ; 5.000        ; 0.000      ; 22.021     ;
; -17.342 ; OutputMux:inst8|polling_counter[9]  ; OutputMux:inst8|polling_counter[24] ; clk          ; clk         ; 5.000        ; 0.000      ; 22.021     ;
; -17.342 ; OutputMux:inst8|polling_counter[9]  ; OutputMux:inst8|polling_counter[25] ; clk          ; clk         ; 5.000        ; 0.000      ; 22.021     ;
; -17.325 ; OutputMux:inst8|polling_counter[9]  ; OutputMux:inst8|polling_counter[7]  ; clk          ; clk         ; 5.000        ; 0.000      ; 22.004     ;
; -17.325 ; OutputMux:inst8|polling_counter[9]  ; OutputMux:inst8|polling_counter[6]  ; clk          ; clk         ; 5.000        ; 0.000      ; 22.004     ;
; -17.325 ; OutputMux:inst8|polling_counter[9]  ; OutputMux:inst8|polling_counter[9]  ; clk          ; clk         ; 5.000        ; 0.000      ; 22.004     ;
; -17.325 ; OutputMux:inst8|polling_counter[9]  ; OutputMux:inst8|polling_counter[10] ; clk          ; clk         ; 5.000        ; 0.000      ; 22.004     ;
; -17.325 ; OutputMux:inst8|polling_counter[9]  ; OutputMux:inst8|polling_counter[8]  ; clk          ; clk         ; 5.000        ; 0.000      ; 22.004     ;
+---------+-------------------------------------+-------------------------------------+--------------+-------------+--------------+------------+------------+


+---------------------------------------------------------------------------------------------------------------------------------------------------------+
; Hold: 'clk'                                                                                                                                             ;
+-------+-------------------------------------+-------------------------------------+--------------+-------------+--------------+------------+------------+
; Slack ; From Node                           ; To Node                             ; Launch Clock ; Latch Clock ; Relationship ; Clock Skew ; Data Delay ;
+-------+-------------------------------------+-------------------------------------+--------------+-------------+--------------+------------+------------+
; 2.440 ; DataRegister:inst5|DataOut[6]       ; OutputMux:inst8|DataOut[6]          ; clk          ; clk         ; 0.000        ; 0.000      ; 2.479      ;
; 2.440 ; DataRegister:inst6|DataOut[7]       ; OutputMux:inst8|DataOut[3]          ; clk          ; clk         ; 0.000        ; 0.000      ; 2.479      ;
; 2.440 ; DataRegister:inst6|DataOut[5]       ; OutputMux:inst8|DataOut[1]          ; clk          ; clk         ; 0.000        ; 0.000      ; 2.479      ;
; 3.104 ; Receiver:inst2|shift_reg[4]         ; Receiver:inst2|shift_reg[3]         ; clk          ; clk         ; 0.000        ; 0.000      ; 3.143      ;
; 3.106 ; Receiver:inst2|shift_reg[5]         ; Receiver:inst2|shift_reg[4]         ; clk          ; clk         ; 0.000        ; 0.000      ; 3.145      ;
; 3.107 ; Receiver:inst2|shift_reg_out[4]     ; InputMux:inst3|DataOutPower[4]      ; clk          ; clk         ; 0.000        ; 0.000      ; 3.146      ;
; 3.108 ; Receiver:inst2|shift_reg_out[5]     ; InputMux:inst3|DataOutPower[5]      ; clk          ; clk         ; 0.000        ; 0.000      ; 3.147      ;
; 3.108 ; InputMux:inst3|DataOutExtra[1]      ; DataRegister:inst7|DataOut[13]      ; clk          ; clk         ; 0.000        ; 0.000      ; 3.147      ;
; 3.156 ; OutputMux:inst8|NS                  ; OutputMux:inst8|CS                  ; clk          ; clk         ; 0.000        ; 0.000      ; 3.195      ;
; 3.351 ; InputMux:inst3|DataOutExtra[2]      ; DataRegister:inst7|DataOut[14]      ; clk          ; clk         ; 0.000        ; 0.000      ; 3.390      ;
; 3.380 ; Receiver:inst2|shift_reg[6]         ; Receiver:inst2|shift_reg[5]         ; clk          ; clk         ; 0.000        ; 0.000      ; 3.419      ;
; 3.382 ; Receiver:inst2|shift_reg[1]         ; Receiver:inst2|shift_reg[0]         ; clk          ; clk         ; 0.000        ; 0.000      ; 3.421      ;
; 3.384 ; Receiver:inst2|shift_reg[0]         ; Receiver:inst2|shift_reg_out[0]     ; clk          ; clk         ; 0.000        ; 0.000      ; 3.423      ;
; 3.405 ; Receiver:inst2|CS.stop              ; Receiver:inst2|CS.stop              ; clk          ; clk         ; 0.000        ; 0.000      ; 3.444      ;
; 3.419 ; display:inst1|led_select_out[0]     ; ledsel[0]                           ; clk          ; clk         ; 0.000        ; -4.832     ; 3.587      ;
; 3.432 ; Receiver:inst2|ncount[3]            ; Receiver:inst2|ncap                 ; clk          ; clk         ; 0.000        ; 0.000      ; 3.471      ;
; 3.433 ; Receiver:inst2|shift_reg[2]         ; Receiver:inst2|shift_reg[1]         ; clk          ; clk         ; 0.000        ; 0.000      ; 3.472      ;
; 3.434 ; Receiver:inst2|shift_reg[3]         ; Receiver:inst2|shift_reg[2]         ; clk          ; clk         ; 0.000        ; 0.000      ; 3.473      ;
; 3.435 ; Receiver:inst2|shift_reg[3]         ; Receiver:inst2|shift_reg_out[3]     ; clk          ; clk         ; 0.000        ; 0.000      ; 3.474      ;
; 3.435 ; Receiver:inst2|shift_reg[2]         ; Receiver:inst2|shift_reg_out[2]     ; clk          ; clk         ; 0.000        ; 0.000      ; 3.474      ;
; 3.486 ; OutputMux:inst8|Output_select[1]    ; OutputMux:inst8|Output_select[2]    ; clk          ; clk         ; 0.000        ; 0.000      ; 3.525      ;
; 3.492 ; OutputMux:inst8|Output_select[1]    ; OutputMux:inst8|Output_select[0]    ; clk          ; clk         ; 0.000        ; 0.000      ; 3.531      ;
; 3.499 ; OutputMux:inst8|Output_select[0]    ; OutputMux:inst8|Output_select[1]    ; clk          ; clk         ; 0.000        ; 0.000      ; 3.538      ;
; 3.526 ; Receiver:inst2|pcount[1]            ; Receiver:inst2|start_cap            ; clk          ; clk         ; 0.000        ; 0.000      ; 3.565      ;
; 3.529 ; Receiver:inst2|pcount[1]            ; Receiver:inst2|pcap                 ; clk          ; clk         ; 0.000        ; 0.000      ; 3.568      ;
; 3.792 ; Receiver:inst2|data_low             ; Receiver:inst2|CS.idle              ; clk          ; clk         ; 0.000        ; 0.000      ; 3.831      ;
; 3.796 ; Receiver:inst2|CS.idle              ; Receiver:inst2|CS.start             ; clk          ; clk         ; 0.000        ; 0.000      ; 3.835      ;
; 3.846 ; display:inst1|counter[1]            ; display:inst1|led_select_out[2]     ; clk          ; clk         ; 0.000        ; 0.000      ; 3.885      ;
; 3.852 ; display:inst1|counter[1]            ; display:inst1|led_select_out[3]     ; clk          ; clk         ; 0.000        ; 0.000      ; 3.891      ;
; 3.857 ; Receiver:inst2|ncount[0]            ; Receiver:inst2|ncount[0]            ; clk          ; clk         ; 0.000        ; 0.000      ; 3.896      ;
; 3.858 ; Receiver:inst2|ncount[0]            ; Receiver:inst2|ncap                 ; clk          ; clk         ; 0.000        ; 0.000      ; 3.897      ;
; 3.860 ; Receiver:inst2|ncount[0]            ; Receiver:inst2|ncount[2]            ; clk          ; clk         ; 0.000        ; 0.000      ; 3.899      ;
; 3.861 ; Receiver:inst2|ncount[0]            ; Receiver:inst2|ncount[1]            ; clk          ; clk         ; 0.000        ; 0.000      ; 3.900      ;
; 3.883 ; Receiver:inst2|pcount[0]            ; Receiver:inst2|pcount[0]            ; clk          ; clk         ; 0.000        ; 0.000      ; 3.922      ;
; 3.884 ; Receiver:inst2|pcount[0]            ; Receiver:inst2|pcap                 ; clk          ; clk         ; 0.000        ; 0.000      ; 3.923      ;
; 3.885 ; Receiver:inst2|pcount[0]            ; Receiver:inst2|pcount[1]            ; clk          ; clk         ; 0.000        ; 0.000      ; 3.924      ;
; 3.885 ; Receiver:inst2|pcount[0]            ; Receiver:inst2|start_cap            ; clk          ; clk         ; 0.000        ; 0.000      ; 3.924      ;
; 3.887 ; Receiver:inst2|pcount[0]            ; Receiver:inst2|pcount[2]            ; clk          ; clk         ; 0.000        ; 0.000      ; 3.926      ;
; 3.894 ; OutputMux:inst8|Output_select[2]    ; OutputMux:inst8|Output_select[2]    ; clk          ; clk         ; 0.000        ; 0.000      ; 3.933      ;
; 3.894 ; OutputMux:inst8|Output_select[2]    ; OutputMux:inst8|DataOut[13]         ; clk          ; clk         ; 0.000        ; 0.000      ; 3.933      ;
; 3.900 ; OutputMux:inst8|Output_select[2]    ; OutputMux:inst8|DataOut[14]         ; clk          ; clk         ; 0.000        ; 0.000      ; 3.939      ;
; 3.904 ; OutputMux:inst8|Output_select[2]    ; OutputMux:inst8|Output_select[0]    ; clk          ; clk         ; 0.000        ; 0.000      ; 3.943      ;
; 3.985 ; DataRegister:inst6|DataOut[5]       ; OutputMux:inst8|DataOut[5]          ; clk          ; clk         ; 0.000        ; 0.000      ; 4.024      ;
; 3.987 ; DataRegister:inst6|DataOut[7]       ; OutputMux:inst8|DataOut[7]          ; clk          ; clk         ; 0.000        ; 0.000      ; 4.026      ;
; 4.001 ; DataRegister:inst5|DataOut[6]       ; OutputMux:inst8|DataOut[2]          ; clk          ; clk         ; 0.000        ; 0.000      ; 4.040      ;
; 4.020 ; DataRegister:inst5|DataOut[4]       ; OutputMux:inst8|DataOut[0]          ; clk          ; clk         ; 0.000        ; 0.000      ; 4.059      ;
; 4.021 ; DataRegister:inst5|DataOut[4]       ; OutputMux:inst8|DataOut[4]          ; clk          ; clk         ; 0.000        ; 0.000      ; 4.060      ;
; 4.119 ; Receiver:inst2|shift_reg[1]         ; Receiver:inst2|shift_reg_out[1]     ; clk          ; clk         ; 0.000        ; 0.000      ; 4.158      ;
; 4.183 ; InputMux:inst3|DataOutExtra[1]      ; DataRegister:inst7|DataOut[5]       ; clk          ; clk         ; 0.000        ; 0.000      ; 4.222      ;
; 4.268 ; InputMux:inst3|DataOutVoltage[0]    ; DataRegister:inst4|DataOut[0]       ; clk          ; clk         ; 0.000        ; 0.000      ; 4.307      ;
; 4.269 ; InputMux:inst3|DataOutVoltage[0]    ; DataRegister:inst4|DataOut[4]       ; clk          ; clk         ; 0.000        ; 0.000      ; 4.308      ;
; 4.375 ; Receiver:inst2|shift_reg[5]         ; Receiver:inst2|shift_reg_out[5]     ; clk          ; clk         ; 0.000        ; 0.000      ; 4.414      ;
; 4.410 ; Receiver:inst2|shift_reg[4]         ; Receiver:inst2|shift_reg_out[4]     ; clk          ; clk         ; 0.000        ; 0.000      ; 4.449      ;
; 4.411 ; InputMux:inst3|DataOutExtra[2]      ; DataRegister:inst7|DataOut[6]       ; clk          ; clk         ; 0.000        ; 0.000      ; 4.450      ;
; 4.441 ; Receiver:inst2|shift_reg_out[1]     ; InputMux:inst3|DataOutPower[1]      ; clk          ; clk         ; 0.000        ; 0.000      ; 4.480      ;
; 4.496 ; InputMux:inst3|DataOutVoltage[3]    ; DataRegister:inst4|DataOut[7]       ; clk          ; clk         ; 0.000        ; 0.000      ; 4.535      ;
; 4.497 ; InputMux:inst3|DataOutVoltage[3]    ; DataRegister:inst4|DataOut[3]       ; clk          ; clk         ; 0.000        ; 0.000      ; 4.536      ;
; 4.566 ; display:inst1|counter[0]            ; display:inst1|dp                    ; clk          ; clk         ; 0.000        ; 0.000      ; 4.605      ;
; 4.886 ; Receiver:inst2|ncap                 ; Receiver:inst2|CS.stop              ; clk          ; clk         ; 0.000        ; 0.000      ; 4.925      ;
; 4.891 ; Receiver:inst2|ncap                 ; Receiver:inst2|CS.data              ; clk          ; clk         ; 0.000        ; 0.000      ; 4.930      ;
; 4.955 ; display:inst1|counter[1]            ; display:inst1|dp                    ; clk          ; clk         ; 0.000        ; 0.000      ; 4.994      ;
; 5.163 ; DataRegister:inst5|DataOut[12]      ; OutputMux:inst8|DataOut[8]          ; clk          ; clk         ; 0.000        ; 0.000      ; 5.202      ;
; 5.183 ; DataRegister:inst6|DataOut[15]      ; OutputMux:inst8|DataOut[11]         ; clk          ; clk         ; 0.000        ; 0.000      ; 5.222      ;
; 5.186 ; DataRegister:inst6|DataOut[15]      ; OutputMux:inst8|DataOut[15]         ; clk          ; clk         ; 0.000        ; 0.000      ; 5.225      ;
; 5.228 ; OutputMux:inst8|style_counter[6]    ; OutputMux:inst8|style_counter[6]    ; clk          ; clk         ; 0.000        ; 0.000      ; 5.267      ;
; 5.228 ; OutputMux:inst8|polling_counter[6]  ; OutputMux:inst8|polling_counter[6]  ; clk          ; clk         ; 0.000        ; 0.000      ; 5.267      ;
; 5.228 ; OutputMux:inst8|polling_counter[16] ; OutputMux:inst8|polling_counter[16] ; clk          ; clk         ; 0.000        ; 0.000      ; 5.267      ;
; 5.229 ; OutputMux:inst8|style_counter[13]   ; OutputMux:inst8|style_counter[13]   ; clk          ; clk         ; 0.000        ; 0.000      ; 5.268      ;
; 5.229 ; OutputMux:inst8|polling_counter[13] ; OutputMux:inst8|polling_counter[13] ; clk          ; clk         ; 0.000        ; 0.000      ; 5.268      ;
; 5.229 ; OutputMux:inst8|polling_counter[23] ; OutputMux:inst8|polling_counter[23] ; clk          ; clk         ; 0.000        ; 0.000      ; 5.268      ;
; 5.241 ; OutputMux:inst8|style_counter[7]    ; OutputMux:inst8|style_counter[7]    ; clk          ; clk         ; 0.000        ; 0.000      ; 5.280      ;
; 5.241 ; OutputMux:inst8|style_counter[16]   ; OutputMux:inst8|style_counter[16]   ; clk          ; clk         ; 0.000        ; 0.000      ; 5.280      ;
; 5.241 ; OutputMux:inst8|style_counter[17]   ; OutputMux:inst8|style_counter[17]   ; clk          ; clk         ; 0.000        ; 0.000      ; 5.280      ;
; 5.241 ; OutputMux:inst8|polling_counter[7]  ; OutputMux:inst8|polling_counter[7]  ; clk          ; clk         ; 0.000        ; 0.000      ; 5.280      ;
; 5.241 ; OutputMux:inst8|polling_counter[17] ; OutputMux:inst8|polling_counter[17] ; clk          ; clk         ; 0.000        ; 0.000      ; 5.280      ;
; 5.241 ; OutputMux:inst8|polling_counter[26] ; OutputMux:inst8|polling_counter[26] ; clk          ; clk         ; 0.000        ; 0.000      ; 5.280      ;
; 5.242 ; OutputMux:inst8|style_counter[8]    ; OutputMux:inst8|style_counter[8]    ; clk          ; clk         ; 0.000        ; 0.000      ; 5.281      ;
; 5.242 ; OutputMux:inst8|style_counter[15]   ; OutputMux:inst8|style_counter[15]   ; clk          ; clk         ; 0.000        ; 0.000      ; 5.281      ;
; 5.242 ; OutputMux:inst8|style_counter[23]   ; OutputMux:inst8|style_counter[23]   ; clk          ; clk         ; 0.000        ; 0.000      ; 5.281      ;
; 5.242 ; OutputMux:inst8|style_counter[18]   ; OutputMux:inst8|style_counter[18]   ; clk          ; clk         ; 0.000        ; 0.000      ; 5.281      ;
; 5.242 ; OutputMux:inst8|style_counter[25]   ; OutputMux:inst8|style_counter[25]   ; clk          ; clk         ; 0.000        ; 0.000      ; 5.281      ;
; 5.242 ; OutputMux:inst8|polling_counter[8]  ; OutputMux:inst8|polling_counter[8]  ; clk          ; clk         ; 0.000        ; 0.000      ; 5.281      ;
; 5.242 ; OutputMux:inst8|polling_counter[15] ; OutputMux:inst8|polling_counter[15] ; clk          ; clk         ; 0.000        ; 0.000      ; 5.281      ;
; 5.242 ; OutputMux:inst8|polling_counter[18] ; OutputMux:inst8|polling_counter[18] ; clk          ; clk         ; 0.000        ; 0.000      ; 5.281      ;
; 5.242 ; OutputMux:inst8|polling_counter[25] ; OutputMux:inst8|polling_counter[25] ; clk          ; clk         ; 0.000        ; 0.000      ; 5.281      ;
; 5.243 ; OutputMux:inst8|style_counter[3]    ; OutputMux:inst8|style_counter[3]    ; clk          ; clk         ; 0.000        ; 0.000      ; 5.282      ;
; 5.243 ; OutputMux:inst8|style_counter[5]    ; OutputMux:inst8|style_counter[5]    ; clk          ; clk         ; 0.000        ; 0.000      ; 5.282      ;
; 5.243 ; OutputMux:inst8|polling_counter[3]  ; OutputMux:inst8|polling_counter[3]  ; clk          ; clk         ; 0.000        ; 0.000      ; 5.282      ;
; 5.243 ; OutputMux:inst8|polling_counter[5]  ; OutputMux:inst8|polling_counter[5]  ; clk          ; clk         ; 0.000        ; 0.000      ; 5.282      ;
; 5.265 ; OutputMux:inst8|style_counter[27]   ; OutputMux:inst8|style_counter[27]   ; clk          ; clk         ; 0.000        ; 0.000      ; 5.304      ;
; 5.265 ; OutputMux:inst8|polling_counter[27] ; OutputMux:inst8|polling_counter[27] ; clk          ; clk         ; 0.000        ; 0.000      ; 5.304      ;
; 5.266 ; OutputMux:inst8|style_counter[28]   ; OutputMux:inst8|style_counter[28]   ; clk          ; clk         ; 0.000        ; 0.000      ; 5.305      ;
; 5.266 ; OutputMux:inst8|polling_counter[28] ; OutputMux:inst8|polling_counter[28] ; clk          ; clk         ; 0.000        ; 0.000      ; 5.305      ;
; 5.267 ; Receiver:inst2|ncount[2]            ; Receiver:inst2|ncount[2]            ; clk          ; clk         ; 0.000        ; 0.000      ; 5.306      ;
; 5.270 ; Receiver:inst2|ncount[2]            ; Receiver:inst2|ncount[3]            ; clk          ; clk         ; 0.000        ; 0.000      ; 5.309      ;
; 5.271 ; Receiver:inst2|ncount[2]            ; Receiver:inst2|ncap                 ; clk          ; clk         ; 0.000        ; 0.000      ; 5.310      ;
; 5.271 ; Receiver:inst2|data_low             ; Receiver:inst2|CS.start             ; clk          ; clk         ; 0.000        ; 0.000      ; 5.310      ;
; 5.278 ; Receiver:inst2|pcount[3]            ; Receiver:inst2|pcount[3]            ; clk          ; clk         ; 0.000        ; 0.000      ; 5.317      ;
; 5.284 ; Receiver:inst2|CS.stop              ; Receiver:inst2|CS.idle              ; clk          ; clk         ; 0.000        ; 0.000      ; 5.323      ;
; 5.285 ; Receiver:inst2|pcount[3]            ; Receiver:inst2|pcap                 ; clk          ; clk         ; 0.000        ; 0.000      ; 5.324      ;
+-------+-------------------------------------+-------------------------------------+--------------+-------------+--------------+------------+------------+


+----------------------------------------------------------------------------------------------------------------+
; Minimum Pulse Width: 'clk'                                                                                     ;
+-------+--------------+----------------+------------------+-------+------------+--------------------------------+
; Slack ; Actual Width ; Required Width ; Type             ; Clock ; Clock Edge ; Target                         ;
+-------+--------------+----------------+------------------+-------+------------+--------------------------------+
; 1.711 ; 5.000        ; 3.289          ; Port Rate        ; clk   ; Rise       ; clk                            ;
; 2.161 ; 2.500        ; 0.339          ; High Pulse Width ; clk   ; Rise       ; DataRegister:inst4|DataOut[0]  ;
; 2.161 ; 2.500        ; 0.339          ; Low Pulse Width  ; clk   ; Rise       ; DataRegister:inst4|DataOut[0]  ;
; 2.161 ; 2.500        ; 0.339          ; High Pulse Width ; clk   ; Rise       ; DataRegister:inst4|DataOut[10] ;
; 2.161 ; 2.500        ; 0.339          ; Low Pulse Width  ; clk   ; Rise       ; DataRegister:inst4|DataOut[10] ;
; 2.161 ; 2.500        ; 0.339          ; High Pulse Width ; clk   ; Rise       ; DataRegister:inst4|DataOut[11] ;
; 2.161 ; 2.500        ; 0.339          ; Low Pulse Width  ; clk   ; Rise       ; DataRegister:inst4|DataOut[11] ;
; 2.161 ; 2.500        ; 0.339          ; High Pulse Width ; clk   ; Rise       ; DataRegister:inst4|DataOut[12] ;
; 2.161 ; 2.500        ; 0.339          ; Low Pulse Width  ; clk   ; Rise       ; DataRegister:inst4|DataOut[12] ;
; 2.161 ; 2.500        ; 0.339          ; High Pulse Width ; clk   ; Rise       ; DataRegister:inst4|DataOut[13] ;
; 2.161 ; 2.500        ; 0.339          ; Low Pulse Width  ; clk   ; Rise       ; DataRegister:inst4|DataOut[13] ;
; 2.161 ; 2.500        ; 0.339          ; High Pulse Width ; clk   ; Rise       ; DataRegister:inst4|DataOut[14] ;
; 2.161 ; 2.500        ; 0.339          ; Low Pulse Width  ; clk   ; Rise       ; DataRegister:inst4|DataOut[14] ;
; 2.161 ; 2.500        ; 0.339          ; High Pulse Width ; clk   ; Rise       ; DataRegister:inst4|DataOut[15] ;
; 2.161 ; 2.500        ; 0.339          ; Low Pulse Width  ; clk   ; Rise       ; DataRegister:inst4|DataOut[15] ;
; 2.161 ; 2.500        ; 0.339          ; High Pulse Width ; clk   ; Rise       ; DataRegister:inst4|DataOut[1]  ;
; 2.161 ; 2.500        ; 0.339          ; Low Pulse Width  ; clk   ; Rise       ; DataRegister:inst4|DataOut[1]  ;
; 2.161 ; 2.500        ; 0.339          ; High Pulse Width ; clk   ; Rise       ; DataRegister:inst4|DataOut[2]  ;
; 2.161 ; 2.500        ; 0.339          ; Low Pulse Width  ; clk   ; Rise       ; DataRegister:inst4|DataOut[2]  ;
; 2.161 ; 2.500        ; 0.339          ; High Pulse Width ; clk   ; Rise       ; DataRegister:inst4|DataOut[3]  ;
; 2.161 ; 2.500        ; 0.339          ; Low Pulse Width  ; clk   ; Rise       ; DataRegister:inst4|DataOut[3]  ;
; 2.161 ; 2.500        ; 0.339          ; High Pulse Width ; clk   ; Rise       ; DataRegister:inst4|DataOut[4]  ;
; 2.161 ; 2.500        ; 0.339          ; Low Pulse Width  ; clk   ; Rise       ; DataRegister:inst4|DataOut[4]  ;
; 2.161 ; 2.500        ; 0.339          ; High Pulse Width ; clk   ; Rise       ; DataRegister:inst4|DataOut[5]  ;
; 2.161 ; 2.500        ; 0.339          ; Low Pulse Width  ; clk   ; Rise       ; DataRegister:inst4|DataOut[5]  ;
; 2.161 ; 2.500        ; 0.339          ; High Pulse Width ; clk   ; Rise       ; DataRegister:inst4|DataOut[6]  ;
; 2.161 ; 2.500        ; 0.339          ; Low Pulse Width  ; clk   ; Rise       ; DataRegister:inst4|DataOut[6]  ;
; 2.161 ; 2.500        ; 0.339          ; High Pulse Width ; clk   ; Rise       ; DataRegister:inst4|DataOut[7]  ;
; 2.161 ; 2.500        ; 0.339          ; Low Pulse Width  ; clk   ; Rise       ; DataRegister:inst4|DataOut[7]  ;
; 2.161 ; 2.500        ; 0.339          ; High Pulse Width ; clk   ; Rise       ; DataRegister:inst4|DataOut[8]  ;
; 2.161 ; 2.500        ; 0.339          ; Low Pulse Width  ; clk   ; Rise       ; DataRegister:inst4|DataOut[8]  ;
; 2.161 ; 2.500        ; 0.339          ; High Pulse Width ; clk   ; Rise       ; DataRegister:inst4|DataOut[9]  ;
; 2.161 ; 2.500        ; 0.339          ; Low Pulse Width  ; clk   ; Rise       ; DataRegister:inst4|DataOut[9]  ;
; 2.161 ; 2.500        ; 0.339          ; High Pulse Width ; clk   ; Rise       ; DataRegister:inst5|DataOut[0]  ;
; 2.161 ; 2.500        ; 0.339          ; Low Pulse Width  ; clk   ; Rise       ; DataRegister:inst5|DataOut[0]  ;
; 2.161 ; 2.500        ; 0.339          ; High Pulse Width ; clk   ; Rise       ; DataRegister:inst5|DataOut[10] ;
; 2.161 ; 2.500        ; 0.339          ; Low Pulse Width  ; clk   ; Rise       ; DataRegister:inst5|DataOut[10] ;
; 2.161 ; 2.500        ; 0.339          ; High Pulse Width ; clk   ; Rise       ; DataRegister:inst5|DataOut[11] ;
; 2.161 ; 2.500        ; 0.339          ; Low Pulse Width  ; clk   ; Rise       ; DataRegister:inst5|DataOut[11] ;
; 2.161 ; 2.500        ; 0.339          ; High Pulse Width ; clk   ; Rise       ; DataRegister:inst5|DataOut[12] ;
; 2.161 ; 2.500        ; 0.339          ; Low Pulse Width  ; clk   ; Rise       ; DataRegister:inst5|DataOut[12] ;
; 2.161 ; 2.500        ; 0.339          ; High Pulse Width ; clk   ; Rise       ; DataRegister:inst5|DataOut[13] ;
; 2.161 ; 2.500        ; 0.339          ; Low Pulse Width  ; clk   ; Rise       ; DataRegister:inst5|DataOut[13] ;
; 2.161 ; 2.500        ; 0.339          ; High Pulse Width ; clk   ; Rise       ; DataRegister:inst5|DataOut[14] ;
; 2.161 ; 2.500        ; 0.339          ; Low Pulse Width  ; clk   ; Rise       ; DataRegister:inst5|DataOut[14] ;
; 2.161 ; 2.500        ; 0.339          ; High Pulse Width ; clk   ; Rise       ; DataRegister:inst5|DataOut[15] ;
; 2.161 ; 2.500        ; 0.339          ; Low Pulse Width  ; clk   ; Rise       ; DataRegister:inst5|DataOut[15] ;
; 2.161 ; 2.500        ; 0.339          ; High Pulse Width ; clk   ; Rise       ; DataRegister:inst5|DataOut[1]  ;
; 2.161 ; 2.500        ; 0.339          ; Low Pulse Width  ; clk   ; Rise       ; DataRegister:inst5|DataOut[1]  ;
; 2.161 ; 2.500        ; 0.339          ; High Pulse Width ; clk   ; Rise       ; DataRegister:inst5|DataOut[2]  ;
; 2.161 ; 2.500        ; 0.339          ; Low Pulse Width  ; clk   ; Rise       ; DataRegister:inst5|DataOut[2]  ;
; 2.161 ; 2.500        ; 0.339          ; High Pulse Width ; clk   ; Rise       ; DataRegister:inst5|DataOut[3]  ;
; 2.161 ; 2.500        ; 0.339          ; Low Pulse Width  ; clk   ; Rise       ; DataRegister:inst5|DataOut[3]  ;
; 2.161 ; 2.500        ; 0.339          ; High Pulse Width ; clk   ; Rise       ; DataRegister:inst5|DataOut[4]  ;
; 2.161 ; 2.500        ; 0.339          ; Low Pulse Width  ; clk   ; Rise       ; DataRegister:inst5|DataOut[4]  ;
; 2.161 ; 2.500        ; 0.339          ; High Pulse Width ; clk   ; Rise       ; DataRegister:inst5|DataOut[5]  ;
; 2.161 ; 2.500        ; 0.339          ; Low Pulse Width  ; clk   ; Rise       ; DataRegister:inst5|DataOut[5]  ;
; 2.161 ; 2.500        ; 0.339          ; High Pulse Width ; clk   ; Rise       ; DataRegister:inst5|DataOut[6]  ;
; 2.161 ; 2.500        ; 0.339          ; Low Pulse Width  ; clk   ; Rise       ; DataRegister:inst5|DataOut[6]  ;
; 2.161 ; 2.500        ; 0.339          ; High Pulse Width ; clk   ; Rise       ; DataRegister:inst5|DataOut[7]  ;
; 2.161 ; 2.500        ; 0.339          ; Low Pulse Width  ; clk   ; Rise       ; DataRegister:inst5|DataOut[7]  ;
; 2.161 ; 2.500        ; 0.339          ; High Pulse Width ; clk   ; Rise       ; DataRegister:inst5|DataOut[8]  ;
; 2.161 ; 2.500        ; 0.339          ; Low Pulse Width  ; clk   ; Rise       ; DataRegister:inst5|DataOut[8]  ;
; 2.161 ; 2.500        ; 0.339          ; High Pulse Width ; clk   ; Rise       ; DataRegister:inst5|DataOut[9]  ;
; 2.161 ; 2.500        ; 0.339          ; Low Pulse Width  ; clk   ; Rise       ; DataRegister:inst5|DataOut[9]  ;
; 2.161 ; 2.500        ; 0.339          ; High Pulse Width ; clk   ; Rise       ; DataRegister:inst6|DataOut[0]  ;
; 2.161 ; 2.500        ; 0.339          ; Low Pulse Width  ; clk   ; Rise       ; DataRegister:inst6|DataOut[0]  ;
; 2.161 ; 2.500        ; 0.339          ; High Pulse Width ; clk   ; Rise       ; DataRegister:inst6|DataOut[10] ;
; 2.161 ; 2.500        ; 0.339          ; Low Pulse Width  ; clk   ; Rise       ; DataRegister:inst6|DataOut[10] ;
; 2.161 ; 2.500        ; 0.339          ; High Pulse Width ; clk   ; Rise       ; DataRegister:inst6|DataOut[11] ;
; 2.161 ; 2.500        ; 0.339          ; Low Pulse Width  ; clk   ; Rise       ; DataRegister:inst6|DataOut[11] ;
; 2.161 ; 2.500        ; 0.339          ; High Pulse Width ; clk   ; Rise       ; DataRegister:inst6|DataOut[12] ;
; 2.161 ; 2.500        ; 0.339          ; Low Pulse Width  ; clk   ; Rise       ; DataRegister:inst6|DataOut[12] ;
; 2.161 ; 2.500        ; 0.339          ; High Pulse Width ; clk   ; Rise       ; DataRegister:inst6|DataOut[13] ;
; 2.161 ; 2.500        ; 0.339          ; Low Pulse Width  ; clk   ; Rise       ; DataRegister:inst6|DataOut[13] ;
; 2.161 ; 2.500        ; 0.339          ; High Pulse Width ; clk   ; Rise       ; DataRegister:inst6|DataOut[14] ;
; 2.161 ; 2.500        ; 0.339          ; Low Pulse Width  ; clk   ; Rise       ; DataRegister:inst6|DataOut[14] ;
; 2.161 ; 2.500        ; 0.339          ; High Pulse Width ; clk   ; Rise       ; DataRegister:inst6|DataOut[15] ;
; 2.161 ; 2.500        ; 0.339          ; Low Pulse Width  ; clk   ; Rise       ; DataRegister:inst6|DataOut[15] ;
; 2.161 ; 2.500        ; 0.339          ; High Pulse Width ; clk   ; Rise       ; DataRegister:inst6|DataOut[1]  ;
; 2.161 ; 2.500        ; 0.339          ; Low Pulse Width  ; clk   ; Rise       ; DataRegister:inst6|DataOut[1]  ;
; 2.161 ; 2.500        ; 0.339          ; High Pulse Width ; clk   ; Rise       ; DataRegister:inst6|DataOut[2]  ;
; 2.161 ; 2.500        ; 0.339          ; Low Pulse Width  ; clk   ; Rise       ; DataRegister:inst6|DataOut[2]  ;
; 2.161 ; 2.500        ; 0.339          ; High Pulse Width ; clk   ; Rise       ; DataRegister:inst6|DataOut[3]  ;
; 2.161 ; 2.500        ; 0.339          ; Low Pulse Width  ; clk   ; Rise       ; DataRegister:inst6|DataOut[3]  ;
; 2.161 ; 2.500        ; 0.339          ; High Pulse Width ; clk   ; Rise       ; DataRegister:inst6|DataOut[4]  ;
; 2.161 ; 2.500        ; 0.339          ; Low Pulse Width  ; clk   ; Rise       ; DataRegister:inst6|DataOut[4]  ;
; 2.161 ; 2.500        ; 0.339          ; High Pulse Width ; clk   ; Rise       ; DataRegister:inst6|DataOut[5]  ;
; 2.161 ; 2.500        ; 0.339          ; Low Pulse Width  ; clk   ; Rise       ; DataRegister:inst6|DataOut[5]  ;
; 2.161 ; 2.500        ; 0.339          ; High Pulse Width ; clk   ; Rise       ; DataRegister:inst6|DataOut[6]  ;
; 2.161 ; 2.500        ; 0.339          ; Low Pulse Width  ; clk   ; Rise       ; DataRegister:inst6|DataOut[6]  ;
; 2.161 ; 2.500        ; 0.339          ; High Pulse Width ; clk   ; Rise       ; DataRegister:inst6|DataOut[7]  ;
; 2.161 ; 2.500        ; 0.339          ; Low Pulse Width  ; clk   ; Rise       ; DataRegister:inst6|DataOut[7]  ;
; 2.161 ; 2.500        ; 0.339          ; High Pulse Width ; clk   ; Rise       ; DataRegister:inst6|DataOut[8]  ;
; 2.161 ; 2.500        ; 0.339          ; Low Pulse Width  ; clk   ; Rise       ; DataRegister:inst6|DataOut[8]  ;
; 2.161 ; 2.500        ; 0.339          ; High Pulse Width ; clk   ; Rise       ; DataRegister:inst6|DataOut[9]  ;
; 2.161 ; 2.500        ; 0.339          ; Low Pulse Width  ; clk   ; Rise       ; DataRegister:inst6|DataOut[9]  ;
; 2.161 ; 2.500        ; 0.339          ; High Pulse Width ; clk   ; Rise       ; DataRegister:inst7|DataOut[0]  ;
; 2.161 ; 2.500        ; 0.339          ; Low Pulse Width  ; clk   ; Rise       ; DataRegister:inst7|DataOut[0]  ;
; 2.161 ; 2.500        ; 0.339          ; High Pulse Width ; clk   ; Rise       ; DataRegister:inst7|DataOut[10] ;
+-------+--------------+----------------+------------------+-------+------------+--------------------------------+


+-------------------------------------------------------------------------+
; Setup Times                                                             ;
+-----------+------------+--------+--------+------------+-----------------+
; Data Port ; Clock Port ; Rise   ; Fall   ; Clock Edge ; Clock Reference ;
+-----------+------------+--------+--------+------------+-----------------+
; PB0       ; clk        ; 8.691  ; 8.691  ; Rise       ; clk             ;
; PB1       ; clk        ; 10.492 ; 10.492 ; Rise       ; clk             ;
; rx        ; clk        ; 5.079  ; 5.079  ; Rise       ; clk             ;
+-----------+------------+--------+--------+------------+-----------------+


+---------------------------------------------------------------------------+
; Hold Times                                                                ;
+-----------+------------+---------+---------+------------+-----------------+
; Data Port ; Clock Port ; Rise    ; Fall    ; Clock Edge ; Clock Reference ;
+-----------+------------+---------+---------+------------+-----------------+
; PB0       ; clk        ; -8.331  ; -8.331  ; Rise       ; clk             ;
; PB1       ; clk        ; -10.132 ; -10.132 ; Rise       ; clk             ;
; rx        ; clk        ; -4.718  ; -4.718  ; Rise       ; clk             ;
+-----------+------------+---------+---------+------------+-----------------+


+-------------------------------------------------------------------------------------+
; Clock to Output Times                                                               ;
+-----------------------+------------+--------+--------+------------+-----------------+
; Data Port             ; Clock Port ; Rise   ; Fall   ; Clock Edge ; Clock Reference ;
+-----------------------+------------+--------+--------+------------+-----------------+
; Current_register[*]   ; clk        ; 16.199 ; 16.199 ; Rise       ; clk             ;
;  Current_register[0]  ; clk        ; 15.694 ; 15.694 ; Rise       ; clk             ;
;  Current_register[1]  ; clk        ; 13.968 ; 13.968 ; Rise       ; clk             ;
;  Current_register[2]  ; clk        ; 11.997 ; 11.997 ; Rise       ; clk             ;
;  Current_register[3]  ; clk        ; 14.243 ; 14.243 ; Rise       ; clk             ;
;  Current_register[4]  ; clk        ; 12.440 ; 12.440 ; Rise       ; clk             ;
;  Current_register[5]  ; clk        ; 12.384 ; 12.384 ; Rise       ; clk             ;
;  Current_register[6]  ; clk        ; 14.445 ; 14.445 ; Rise       ; clk             ;
;  Current_register[7]  ; clk        ; 14.474 ; 14.474 ; Rise       ; clk             ;
;  Current_register[8]  ; clk        ; 11.836 ; 11.836 ; Rise       ; clk             ;
;  Current_register[9]  ; clk        ; 11.814 ; 11.814 ; Rise       ; clk             ;
;  Current_register[10] ; clk        ; 16.199 ; 16.199 ; Rise       ; clk             ;
;  Current_register[11] ; clk        ; 13.693 ; 13.693 ; Rise       ; clk             ;
;  Current_register[12] ; clk        ; 14.710 ; 14.710 ; Rise       ; clk             ;
;  Current_register[13] ; clk        ; 12.353 ; 12.353 ; Rise       ; clk             ;
;  Current_register[14] ; clk        ; 14.233 ; 14.233 ; Rise       ; clk             ;
;  Current_register[15] ; clk        ; 13.850 ; 13.850 ; Rise       ; clk             ;
; led_dp                ; clk        ; 14.465 ; 14.465 ; Rise       ; clk             ;
; ledsegment[*]         ; clk        ; 15.942 ; 15.942 ; Rise       ; clk             ;
;  ledsegment[0]        ; clk        ; 15.662 ; 15.662 ; Rise       ; clk             ;
;  ledsegment[1]        ; clk        ; 15.690 ; 15.690 ; Rise       ; clk             ;
;  ledsegment[2]        ; clk        ; 15.942 ; 15.942 ; Rise       ; clk             ;
;  ledsegment[3]        ; clk        ; 15.796 ; 15.796 ; Rise       ; clk             ;
;  ledsegment[4]        ; clk        ; 11.862 ; 11.862 ; Rise       ; clk             ;
;  ledsegment[5]        ; clk        ; 11.864 ; 11.864 ; Rise       ; clk             ;
;  ledsegment[6]        ; clk        ; 12.435 ; 12.435 ; Rise       ; clk             ;
; ledsel[*]             ; clk        ; 14.381 ; 14.381 ; Rise       ; clk             ;
;  ledsel[0]            ; clk        ; 8.419  ; 8.419  ; Rise       ; clk             ;
;  ledsel[1]            ; clk        ; 8.424  ; 8.424  ; Rise       ; clk             ;
;  ledsel[2]            ; clk        ; 12.765 ; 12.765 ; Rise       ; clk             ;
;  ledsel[3]            ; clk        ; 14.381 ; 14.381 ; Rise       ; clk             ;
+-----------------------+------------+--------+--------+------------+-----------------+


+-------------------------------------------------------------------------------------+
; Minimum Clock to Output Times                                                       ;
+-----------------------+------------+--------+--------+------------+-----------------+
; Data Port             ; Clock Port ; Rise   ; Fall   ; Clock Edge ; Clock Reference ;
+-----------------------+------------+--------+--------+------------+-----------------+
; Current_register[*]   ; clk        ; 11.814 ; 11.814 ; Rise       ; clk             ;
;  Current_register[0]  ; clk        ; 15.694 ; 15.694 ; Rise       ; clk             ;
;  Current_register[1]  ; clk        ; 13.968 ; 13.968 ; Rise       ; clk             ;
;  Current_register[2]  ; clk        ; 11.997 ; 11.997 ; Rise       ; clk             ;
;  Current_register[3]  ; clk        ; 14.243 ; 14.243 ; Rise       ; clk             ;
;  Current_register[4]  ; clk        ; 12.440 ; 12.440 ; Rise       ; clk             ;
;  Current_register[5]  ; clk        ; 12.384 ; 12.384 ; Rise       ; clk             ;
;  Current_register[6]  ; clk        ; 14.445 ; 14.445 ; Rise       ; clk             ;
;  Current_register[7]  ; clk        ; 14.474 ; 14.474 ; Rise       ; clk             ;
;  Current_register[8]  ; clk        ; 11.836 ; 11.836 ; Rise       ; clk             ;
;  Current_register[9]  ; clk        ; 11.814 ; 11.814 ; Rise       ; clk             ;
;  Current_register[10] ; clk        ; 16.199 ; 16.199 ; Rise       ; clk             ;
;  Current_register[11] ; clk        ; 13.693 ; 13.693 ; Rise       ; clk             ;
;  Current_register[12] ; clk        ; 14.710 ; 14.710 ; Rise       ; clk             ;
;  Current_register[13] ; clk        ; 12.353 ; 12.353 ; Rise       ; clk             ;
;  Current_register[14] ; clk        ; 14.233 ; 14.233 ; Rise       ; clk             ;
;  Current_register[15] ; clk        ; 13.850 ; 13.850 ; Rise       ; clk             ;
; led_dp                ; clk        ; 14.465 ; 14.465 ; Rise       ; clk             ;
; ledsegment[*]         ; clk        ; 11.862 ; 11.862 ; Rise       ; clk             ;
;  ledsegment[0]        ; clk        ; 15.662 ; 15.662 ; Rise       ; clk             ;
;  ledsegment[1]        ; clk        ; 15.690 ; 15.690 ; Rise       ; clk             ;
;  ledsegment[2]        ; clk        ; 15.942 ; 15.942 ; Rise       ; clk             ;
;  ledsegment[3]        ; clk        ; 15.796 ; 15.796 ; Rise       ; clk             ;
;  ledsegment[4]        ; clk        ; 11.862 ; 11.862 ; Rise       ; clk             ;
;  ledsegment[5]        ; clk        ; 11.864 ; 11.864 ; Rise       ; clk             ;
;  ledsegment[6]        ; clk        ; 12.435 ; 12.435 ; Rise       ; clk             ;
; ledsel[*]             ; clk        ; 8.419  ; 8.419  ; Rise       ; clk             ;
;  ledsel[0]            ; clk        ; 8.419  ; 8.419  ; Rise       ; clk             ;
;  ledsel[1]            ; clk        ; 8.424  ; 8.424  ; Rise       ; clk             ;
;  ledsel[2]            ; clk        ; 12.765 ; 12.765 ; Rise       ; clk             ;
;  ledsel[3]            ; clk        ; 14.381 ; 14.381 ; Rise       ; clk             ;
+-----------------------+------------+--------+--------+------------+-----------------+


+-------------------------------------------------------------------+
; Setup Transfers                                                   ;
+------------+----------+----------+----------+----------+----------+
; From Clock ; To Clock ; RR Paths ; FR Paths ; RF Paths ; FF Paths ;
+------------+----------+----------+----------+----------+----------+
; clk        ; clk      ; 6095     ; 0        ; 0        ; 0        ;
+------------+----------+----------+----------+----------+----------+
Entries labeled "false path" only account for clock-to-clock false paths and not path-based false paths. As a result, actual path counts may be lower than reported.


+-------------------------------------------------------------------+
; Hold Transfers                                                    ;
+------------+----------+----------+----------+----------+----------+
; From Clock ; To Clock ; RR Paths ; FR Paths ; RF Paths ; FF Paths ;
+------------+----------+----------+----------+----------+----------+
; clk        ; clk      ; 6095     ; 0        ; 0        ; 0        ;
+------------+----------+----------+----------+----------+----------+
Entries labeled "false path" only account for clock-to-clock false paths and not path-based false paths. As a result, actual path counts may be lower than reported.


---------------
; Report TCCS ;
---------------
No dedicated SERDES Transmitter circuitry present in device or used in design


---------------
; Report RSKM ;
---------------
No dedicated SERDES Receiver circuitry present in device or used in design


+------------------------------------------------+
; Unconstrained Paths                            ;
+---------------------------------+-------+------+
; Property                        ; Setup ; Hold ;
+---------------------------------+-------+------+
; Illegal Clocks                  ; 0     ; 0    ;
; Unconstrained Clocks            ; 0     ; 0    ;
; Unconstrained Input Ports       ; 3     ; 3    ;
; Unconstrained Input Port Paths  ; 4     ; 4    ;
; Unconstrained Output Ports      ; 27    ; 27   ;
; Unconstrained Output Port Paths ; 27    ; 27   ;
+---------------------------------+-------+------+


+------------------------------------+
; TimeQuest Timing Analyzer Messages ;
+------------------------------------+
Info: *******************************************************************
Info: Running Quartus II 64-Bit TimeQuest Timing Analyzer
    Info: Version 13.0.0 Build 156 04/24/2013 SJ Full Version
    Info: Processing started: Wed Aug 30 12:44:47 2017
Info: Command: quartus_sta UARTBaseStation -c UARTBaseStation
Info: qsta_default_script.tcl version: #1
Info (20030): Parallel compilation is enabled and will use 4 of the 4 processors detected
Info (21077): Low junction temperature is 0 degrees C
Info (21077): High junction temperature is 85 degrees C
Info (306004): Started post-fitting delay annotation
Info (306005): Delay annotation completed successfully
Info (332104): Reading SDC File: 'UARTBaseStation.sdc'
Info: Found TIMEQUEST_REPORT_SCRIPT_INCLUDE_DEFAULT_ANALYSIS = ON
Critical Warning (332148): Timing requirements not met
Info (332146): Worst-case setup slack is -18.149
    Info (332119):     Slack End Point TNS Clock 
    Info (332119): ========= ============= =====================
    Info (332119):   -18.149     -2783.292 clk 
Info (332146): Worst-case hold slack is 2.440
    Info (332119):     Slack End Point TNS Clock 
    Info (332119): ========= ============= =====================
    Info (332119):     2.440         0.000 clk 
Info (332140): No Recovery paths to report
Info (332140): No Removal paths to report
Info (332146): Worst-case minimum pulse width slack is 1.711
    Info (332119):     Slack End Point TNS Clock 
    Info (332119): ========= ============= =====================
    Info (332119):     1.711         0.000 clk 
Info (332001): The selected device family is not supported by the report_metastability command.
Info (332102): Design is not fully constrained for setup requirements
Info (332102): Design is not fully constrained for hold requirements
Info: Quartus II 64-Bit TimeQuest Timing Analyzer was successful. 0 errors, 1 warning
    Info: Peak virtual memory: 415 megabytes
    Info: Processing ended: Wed Aug 30 12:44:48 2017
    Info: Elapsed time: 00:00:01
    Info: Total CPU time (on all processors): 00:00:01


