Flow report for UARTBaseStation
Wed Aug 30 21:19:12 2017
Quartus II 64-Bit Version 13.0.0 Build 156 04/24/2013 SJ Full Version


---------------------
; Table of Contents ;
---------------------
  1. Legal Notice
  2. Flow Summary
  3. Flow Settings
  4. Flow Non-Default Global Settings
  5. Flow Elapsed Time
  6. Flow OS Summary
  7. Flow Log
  8. Flow Messages
  9. Flow Suppressed Messages



----------------
; Legal Notice ;
----------------
Copyright (C) 1991-2013 Altera Corporation
Your use of Altera Corporation's design tools, logic functions 
and other software and tools, and its AMPP partner logic 
functions, and any output files from any of the foregoing 
(including device programming or simulation files), and any 
associated documentation or information are expressly subject 
to the terms and conditions of the Altera Program License 
Subscription Agreement, Altera MegaCore Function License 
Agreement, or other applicable license agreement, including, 
without limitation, that your use is for the sole purpose of 
programming logic devices manufactured by Altera and sold by 
Altera or its authorized distributors.  Please refer to the 
applicable agreement for further details.



+-------------------------------------------------------------------------+
; Flow Summary                                                            ;
+---------------------------+---------------------------------------------+
; Flow Status               ; Successful - Wed Aug 30 21:19:12 2017       ;
; Quartus II 64-Bit Version ; 13.0.0 Build 156 04/24/2013 SJ Full Version ;
; Revision Name             ; UARTBaseStation                             ;
; Top-level Entity Name     ; FullBaseStation                             ;
; Family                    ; MAX V                                       ;
; Device                    ; 5M570ZT100C5                                ;
; Timing Models             ; Final                                       ;
; Total logic elements      ; 335 / 570 ( 59 % )                          ;
; Total pins                ; 16 / 74 ( 22 % )                            ;
; Total virtual pins        ; 0                                           ;
; UFM blocks                ; 0 / 1 ( 0 % )                               ;
+---------------------------+---------------------------------------------+


+-----------------------------------------+
; Flow Settings                           ;
+-------------------+---------------------+
; Option            ; Setting             ;
+-------------------+---------------------+
; Start date & time ; 08/30/2017 21:19:01 ;
; Main task         ; Compilation         ;
; Revision Name     ; UARTBaseStation     ;
+-------------------+---------------------+


+----------------------------------------------------------------------------------------------------------------------------+
; Flow Non-Default Global Settings                                                                                           ;
+-------------------------------------+---------------------------------+-----------------+-----------------+----------------+
; Assignment Name                     ; Value                           ; Default Value   ; Entity Name     ; Section Id     ;
+-------------------------------------+---------------------------------+-----------------+-----------------+----------------+
; COMPILER_SIGNATURE_ID               ; 109952947345616.150408474108864 ; --              ; --              ; --             ;
; EDA_GENERATE_FUNCTIONAL_NETLIST     ; On                              ; --              ; --              ; eda_simulation ;
; EDA_OUTPUT_DATA_FORMAT              ; Verilog Hdl                     ; --              ; --              ; eda_simulation ;
; EDA_SIMULATION_TOOL                 ; ModelSim-Altera (Verilog)       ; <None>          ; --              ; --             ;
; EDA_TIME_SCALE                      ; 1 ps                            ; --              ; --              ; eda_simulation ;
; MAX_CORE_JUNCTION_TEMP              ; 85                              ; --              ; --              ; --             ;
; MIN_CORE_JUNCTION_TEMP              ; 0                               ; --              ; --              ; --             ;
; PARTITION_COLOR                     ; 16764057                        ; --              ; FullBaseStation ; Top            ;
; PARTITION_FITTER_PRESERVATION_LEVEL ; PLACEMENT_AND_ROUTING           ; --              ; FullBaseStation ; Top            ;
; PARTITION_NETLIST_TYPE              ; SOURCE                          ; --              ; FullBaseStation ; Top            ;
; PROJECT_OUTPUT_DIRECTORY            ; output_files                    ; --              ; --              ; --             ;
; TOP_LEVEL_ENTITY                    ; FullBaseStation                 ; UARTBaseStation ; --              ; --             ;
+-------------------------------------+---------------------------------+-----------------+-----------------+----------------+


+-------------------------------------------------------------------------------------------------------------------------------+
; Flow Elapsed Time                                                                                                             ;
+---------------------------+--------------+-------------------------+---------------------+------------------------------------+
; Module Name               ; Elapsed Time ; Average Processors Used ; Peak Virtual Memory ; Total CPU Time (on all processors) ;
+---------------------------+--------------+-------------------------+---------------------+------------------------------------+
; Analysis & Synthesis      ; 00:00:02     ; 1.0                     ; 480 MB              ; 00:00:01                           ;
; Fitter                    ; 00:00:04     ; 1.0                     ; 994 MB              ; 00:00:04                           ;
; Assembler                 ; 00:00:01     ; 1.0                     ; 393 MB              ; 00:00:01                           ;
; TimeQuest Timing Analyzer ; 00:00:01     ; 1.0                     ; 417 MB              ; 00:00:01                           ;
; EDA Netlist Writer        ; 00:00:01     ; 1.0                     ; 364 MB              ; 00:00:00                           ;
; Total                     ; 00:00:09     ; --                      ; --                  ; 00:00:07                           ;
+---------------------------+--------------+-------------------------+---------------------+------------------------------------+


+----------------------------------------------------------------------------------------+
; Flow OS Summary                                                                        ;
+---------------------------+------------------+-----------+------------+----------------+
; Module Name               ; Machine Hostname ; OS Name   ; OS Version ; Processor type ;
+---------------------------+------------------+-----------+------------+----------------+
; Analysis & Synthesis      ; EN-337518        ; Windows 7 ; 6.1        ; x86_64         ;
; Fitter                    ; EN-337518        ; Windows 7 ; 6.1        ; x86_64         ;
; Assembler                 ; EN-337518        ; Windows 7 ; 6.1        ; x86_64         ;
; TimeQuest Timing Analyzer ; EN-337518        ; Windows 7 ; 6.1        ; x86_64         ;
; EDA Netlist Writer        ; EN-337518        ; Windows 7 ; 6.1        ; x86_64         ;
+---------------------------+------------------+-----------+------------+----------------+


------------
; Flow Log ;
------------
quartus_map --read_settings_files=on --write_settings_files=off UARTBaseStation -c UARTBaseStation
quartus_fit --read_settings_files=off --write_settings_files=off UARTBaseStation -c UARTBaseStation
quartus_asm --read_settings_files=off --write_settings_files=off UARTBaseStation -c UARTBaseStation
quartus_sta UARTBaseStation -c UARTBaseStation
quartus_eda --read_settings_files=off --write_settings_files=off UARTBaseStation -c UARTBaseStation



